{"total": {"lines":{"total":90,"covered":72,"skipped":0,"pct":80},"statements":{"total":90,"covered":72,"skipped":0,"pct":80},"functions":{"total":6,"covered":6,"skipped":0,"pct":100},"branches":{"total":38,"covered":26,"skipped":0,"pct":68.42}}
,"/home/runner/work/create-kkt/create-kkt/src/cli.ts": {"lines":{"total":1,"covered":0,"skipped":0,"pct":0},"functions":{"total":0,"covered":0,"skipped":0,"pct":100},"statements":{"total":1,"covered":0,"skipped":0,"pct":0},"branches":{"total":0,"covered":0,"skipped":0,"pct":100}}
,"/home/runner/work/create-kkt/create-kkt/src/create.ts": {"lines":{"total":58,"covered":47,"skipped":0,"pct":81.03},"functions":{"total":4,"covered":4,"skipped":0,"pct":100},"statements":{"total":58,"covered":47,"skipped":0,"pct":81.03},"branches":{"total":30,"covered":19,"skipped":0,"pct":63.33}}
,"/home/runner/work/create-kkt/create-kkt/src/index.ts": {"lines":{"total":31,"covered":25,"skipped":0,"pct":80.64},"functions":{"total":2,"covered":2,"skipped":0,"pct":100},"statements":{"total":31,"covered":25,"skipped":0,"pct":80.64},"branches":{"total":8,"covered":7,"skipped":0,"pct":87.5}}
}
