TN:
SF:src/cli.ts
FNF:0
FNH:0
DA:4,1
LF:1
LH:1
BRF:0
BRH:0
end_of_record
TN:
SF:src/create.ts
FN:19,create
FN:55,(anonymous_1)
FN:76,(anonymous_2)
FNF:3
FNH:3
FNDA:10,create
FNDA:56,(anonymous_1)
FNDA:8,(anonymous_2)
DA:20,10
DA:21,10
DA:22,10
DA:23,3
DA:31,3
DA:33,7
DA:34,2
DA:37,2
DA:39,5
DA:40,5
DA:41,4
DA:42,3
DA:43,1
DA:44,1
DA:49,1
DA:51,4
DA:52,4
DA:53,4
DA:56,56
DA:57,50
DA:61,6
DA:64,2
DA:66,2
DA:68,2
DA:69,2
DA:70,2
DA:71,2
DA:72,2
DA:74,2
DA:75,2
DA:76,2
DA:77,8
DA:78,8
DA:81,2
DA:82,2
DA:83,2
DA:84,2
DA:86,2
DA:87,2
DA:89,2
DA:94,2
LF:41
LH:41
BRDA:22,0,0,3
BRDA:22,0,1,7
BRDA:22,1,0,10
BRDA:22,1,1,8
BRDA:25,2,0,1
BRDA:25,2,1,2
BRDA:29,3,0,3
BRDA:29,3,1,2
BRDA:33,4,0,2
BRDA:33,4,1,5
BRDA:33,5,0,7
BRDA:33,5,1,6
BRDA:35,6,0,2
BRDA:35,6,1,1
BRDA:40,7,0,4
BRDA:40,7,1,1
BRDA:43,8,0,1
BRDA:43,8,1,0
BRDA:56,9,0,50
BRDA:56,9,1,6
BRDA:69,10,0,2
BRDA:69,10,1,0
BRDA:71,11,0,2
BRDA:71,11,1,0
BRDA:75,12,0,2
BRDA:75,12,1,0
BRDA:90,13,0,2
BRDA:90,13,1,0
BRF:28
BRH:23
end_of_record
TN:
SF:src/index.ts
FN:6,run
FNF:1
FNH:1
FNDA:4,run
DA:7,4
DA:8,4
DA:22,4
DA:23,1
DA:24,1
DA:26,3
DA:27,3
DA:28,1
DA:29,1
DA:31,2
DA:32,2
DA:33,2
DA:35,0
DA:36,0
DA:37,0
DA:41,3
DA:50,3
DA:58,3
LF:18
LH:15
BRDA:22,0,0,1
BRDA:22,0,1,3
BRDA:22,1,0,4
BRDA:22,1,1,4
BRDA:27,2,0,1
BRDA:27,2,1,2
BRDA:27,3,0,3
BRDA:27,3,1,3
BRF:8
BRH:8
end_of_record
